[kriyansha.com/index.html]
[backblue.gif]
[fade.gif]
[index.html]
[kriyansha.com/assets/img/apple-touch-icon.png]
[cdnjs.cloudflare.com/ajax/libs/font-awesome/4.7.0/css/font-awesome.min.css]
[kriyansha.com/assets/vendor/bootstrap/css/bootstrap.min.css]
[kriyansha.com/assets/vendor/icofont/icofont.min.css]
[kriyansha.com/assets/vendor/boxicons/css/boxicons.min.css]
[kriyansha.com/assets/vendor/venobox/venobox.css]
[kriyansha.com/assets/vendor/owl.carousel/assets/owl.carousel.min.css]
[kriyansha.com/assets/vendor/aos/aos.css]
[kriyansha.com/assets/css/style.css]
[kriyansha.com/index-2.html]
[kriyansha.com/assets/img/kriyansha-logo.png]
[kriyansha.com/assets/img/Banner/banner_bg1.jpg]
[kriyansha.com/assets/img/Banner/hero_banner/hero-img.png]
[kriyansha.com/assets/img/Banner/banner_bg2.jpg]
[kriyansha.com/assets/img/Banner/hero_banner/hero-img2.png]
[kriyansha.com/assets/img/Banner/banner_bg4.jpg]
[kriyansha.com/assets/img/Banner/hero_banner/hero-img3.png]
[kriyansha.com/assets/img/Banner/banner_bg3.jpg]
[kriyansha.com/assets/img/Banner/hero_banner/hero-img4.png]
[kriyansha.com/assets/img/clients/client-1.png]
[kriyansha.com/assets/img/clients/client-2.png]
[kriyansha.com/assets/img/clients/client-3.png]
[kriyansha.com/assets/img/clients/client-4.png]
[kriyansha.com/assets/img/clients/client-5.png]
[kriyansha.com/assets/img/technologies/html5.png]
[kriyansha.com/assets/img/technologies/css3.png]
[kriyansha.com/assets/img/technologies/bootstrap.png]
[kriyansha.com/assets/img/technologies/jquery.png]
[kriyansha.com/assets/img/technologies/angular.png]
[kriyansha.com/assets/img/technologies/node.png]
[kriyansha.com/assets/img/technologies/java.png]
[kriyansha.com/assets/img/technologies/spring.png]
[kriyansha.com/assets/img/technologies/hibernate.png]
[kriyansha.com/assets/img/technologies/mysql.png]
[kriyansha.com/assets/img/technologies/photoshop.png]
[kriyansha.com/assets/img/technologies/coreldraw.png]
[kriyansha.com/assets/img/technologies/google ads.png]
[kriyansha.com/assets/img/technologies/googleanalytics.png]
[kriyansha.com/assets/img/technologies/webservices.png]
[kriyansha.com/assets/img/kriyansha-logo-white.png]
[kriyansha.com/assets/img/WhatsApp_Logo_2.png]
[kriyansha.com/assets/img/call.png]
[kriyansha.com/assets/vendor/jquery/jquery.min.js]
[kriyansha.com/assets/vendor/bootstrap/js/bootstrap.bundle.min.js]
[kriyansha.com/assets/vendor/jquery.easing/jquery.easing.min.js]
[kriyansha.com/assets/vendor/php-email-form/validate.js]
[kriyansha.com/assets/vendor/isotope-layout/isotope.pkgd.min.js]
[kriyansha.com/assets/vendor/venobox/venobox.min.js]
[kriyansha.com/assets/vendor/owl.carousel/owl.carousel.min.js]
[kriyansha.com/assets/vendor/aos/aos.js]
[kriyansha.com/assets/js/main.js]
[kriyansha.com/contact.js]
[kriyansha.com/index.html]
[www.googletagmanager.com/gtm5445.html]
[cdnjs.cloudflare.com/ajax/libs/font-awesome/4.7.0/css/font-awesome.min.css]
[kriyansha.com/assets/vendor/bootstrap/css/bootstrap.min.css]
[kriyansha.com/assets/vendor/icofont/fonts/icofont.woff2]
[kriyansha.com/assets/vendor/icofont/fonts/icofont.woff]
[kriyansha.com/assets/vendor/icofont/icofont.min.css]
[kriyansha.com/assets/vendor/boxicons/fonts/boxicons.eot]
[kriyansha.com/assets/vendor/boxicons/fonts/boxicons.woff2]
[kriyansha.com/assets/vendor/boxicons/fonts/boxicons.woff]
[kriyansha.com/assets/vendor/boxicons/fonts/boxicons.ttf]
[kriyansha.com/assets/vendor/boxicons/css/boxicons.min.css]
[kriyansha.com/assets/vendor/venobox/venobox.css]
[kriyansha.com/assets/vendor/owl.carousel/assets/owl.carousel.min.css]
[kriyansha.com/assets/vendor/aos/aos.css]
[kriyansha.com/assets/vendor/boxicons/fonts/boxiconsd41d.svg]
[kriyansha.com/assets/img/mobile_nav_bg.png]
[kriyansha.com/assets/img/about_bg.png]
[kriyansha.com/assets/img/about_bg1.png]
[kriyansha.com/assets/img/cta_bg.jpg]
[kriyansha.com/assets/img/contact-bg.png]
[kriyansha.com/assets/img/faq-bg.png]
[kriyansha.com/assets/css/style.css]
[kriyansha.com/index-2.html]
[kriyansha.com/assets/vendor/jquery/jquery.min.js]
[kriyansha.com/assets/vendor/bootstrap/js/bootstrap.bundle.min.js]
[kriyansha.com/assets/vendor/jquery.easing/jquery.easing.min.js]
[kriyansha.com/assets/vendor/php-email-form/validate.js]
[kriyansha.com/assets/vendor/isotope-layout/isotope.pkgd.min.js]
[kriyansha.com/assets/vendor/venobox/venobox.min.js]
[kriyansha.com/assets/vendor/owl.carousel/owl.carousel.min.js]
[kriyansha.com/assets/vendor/aos/aos.js]
[kriyansha.com/assets/js/main.js]
[kriyansha.com/dist/index.html]
[kriyansha.com/contact.html]
[kriyansha.com/contact.js]
[kriyansha.com/assets/vendor/boxicons/fonts/boxiconsd41d.svg]
[kriyansha.com/dist/index.html]
[kriyansha.com/contact.html]
[kriyansha.com/assets/vendor/owl.carousel/assets/owl.video.play.png]
