[duruthemes.com/demo/html/betty/onepage/index.html]
[backblue.gif]
[fade.gif]
[index.html]
[duruthemes.com/demo/html/betty/onepage/images/favicon.png]
[duruthemes.com/demo/html/betty/onepage/css/animate.css]
[duruthemes.com/demo/html/betty/onepage/css/et-lineicons.css]
[duruthemes.com/demo/html/betty/onepage/css/themify-icons.css]
[duruthemes.com/demo/html/betty/onepage/css/bootstrap.css]
[duruthemes.com/demo/html/betty/onepage/css/flaticon.css]
[duruthemes.com/demo/html/betty/onepage/css/magnific-popup.css]
[duruthemes.com/demo/html/betty/onepage/css/owl.carousel.min.css]
[duruthemes.com/demo/html/betty/onepage/css/owl.theme.default.min.css]
[duruthemes.com/demo/html/betty/onepage/css/flexslider.css]
[duruthemes.com/demo/html/betty/onepage/css/style.css]
[duruthemes.com/demo/html/betty/onepage/images/logo.png]
[duruthemes.com/demo/html/betty/onepage/images/slider/02.jpg]
[duruthemes.com/demo/html/betty/onepage/images/slider/01.jpg]
[duruthemes.com/demo/html/betty/onepage/images/slider/03.jpg]
[duruthemes.com/demo/html/betty/onepage/images/about.jpg]
[duruthemes.com/demo/html/betty/onepage/images/team/2.jpg]
[duruthemes.com/demo/html/betty/onepage/services-page.html]
[duruthemes.com/demo/html/betty/onepage/images/services/02.jpg]
[duruthemes.com/demo/html/betty/onepage/images/services/03.jpg]
[duruthemes.com/demo/html/betty/onepage/images/services/04.jpg]
[duruthemes.com/demo/html/betty/onepage/images/services/05.jpg]
[duruthemes.com/demo/html/betty/onepage/images/services/06.jpg]
[duruthemes.com/demo/html/betty/onepage/images/banner.jpg]
[duruthemes.com/demo/html/betty/onepage/images/quot.png]
[duruthemes.com/demo/html/betty/onepage/images/team/a.png]
[duruthemes.com/demo/html/betty/onepage/images/team/b.png]
[duruthemes.com/demo/html/betty/onepage/images/team/c.png]
[duruthemes.com/demo/html/betty/onepage/post.html]
[duruthemes.com/demo/html/betty/onepage/images/blog/2.jpg]
[duruthemes.com/demo/html/betty/onepage/images/blog/1.jpg]
[duruthemes.com/demo/html/betty/onepage/images/blog/3.jpg]
[duruthemes.com/demo/html/betty/onepage/blog.html]
[duruthemes.com/demo/html/betty/onepage/images/brands/1.png]
[duruthemes.com/demo/html/betty/onepage/images/brands/2.png]
[duruthemes.com/demo/html/betty/onepage/images/brands/3.png]
[duruthemes.com/demo/html/betty/onepage/images/brands/4.png]
[duruthemes.com/demo/html/betty/onepage/images/brands/5.png]
[duruthemes.com/demo/html/betty/onepage/js/jquery.easing.1.3.js]
[duruthemes.com/demo/html/betty/onepage/js/modernizr-2.6.2.min.js]
[duruthemes.com/demo/html/betty/onepage/js/jquery.waypoints.min.js]
[duruthemes.com/demo/html/betty/onepage/js/sticky-kit.min.js]
[duruthemes.com/demo/html/betty/onepage/js/jquery.flexslider-min.js]
[duruthemes.com/demo/html/betty/onepage/js/bootstrap.min.js]
[duruthemes.com/demo/html/betty/onepage/js/jquery.min.js]
[duruthemes.com/demo/html/betty/onepage/index.html]
[duruthemes.com/demo/html/betty/onepage/css/animate.css]
[duruthemes.com/demo/html/betty/onepage/js/jquery.magnific-popup.min.js]
[duruthemes.com/demo/html/betty/onepage/js/main.js]
[duruthemes.com/demo/html/betty/onepage/fonts/et-line.eot]
[duruthemes.com/demo/html/betty/onepage/fonts/et-line.woff]
[duruthemes.com/demo/html/betty/onepage/js/owl.carousel.min.js]
[duruthemes.com/demo/html/betty/onepage/fonts/et-lined41d.eot]
[duruthemes.com/demo/html/betty/onepage/fonts/et-line.ttf]
[duruthemes.com/demo/html/betty/onepage/fonts/et-line.svg]
[duruthemes.com/demo/html/betty/onepage/css/et-lineicons.css]
[duruthemes.com/demo/html/betty/onepage/fonts/themify.eot]
[duruthemes.com/demo/html/betty/onepage/fonts/themify.woff]
[duruthemes.com/demo/html/betty/onepage/fonts/themifyd41d.eot]
[duruthemes.com/demo/html/betty/onepage/fonts/themify.svg]
[duruthemes.com/demo/html/betty/onepage/css/themify-icons.css]
[duruthemes.com/demo/html/betty/onepage/css/bootstrap.css]
[duruthemes.com/demo/html/betty/onepage/fonts/Flaticon.eot]
[duruthemes.com/demo/html/betty/onepage/fonts/Flaticon.woff]
[duruthemes.com/demo/html/betty/onepage/css/flaticon.css]
[duruthemes.com/demo/html/betty/onepage/css/magnific-popup.css]
[duruthemes.com/demo/html/betty/onepage/fonts/Flaticon.ttf]
[ledthanhdat.vn/kunka/assets/css/owl.video.play.41.delayed]
[ledthanhdat.vn/kunka/assets/css/owl.video.play.42.delayed]
[duruthemes.com/demo/html/betty/onepage/css/owl.carousel.min.css]
[duruthemes.com/demo/html/betty/onepage/css/owl.theme.default.min.css]
[duruthemes.com/demo/html/betty/onepage/css/flexslider.css]
[duruthemes.com/demo/html/betty/onepage/images/loader.gif]
[duruthemes.com/demo/html/betty/onepage/css/style.css]
[duruthemes.com/demo/html/betty/onepage/images/team/1.jpg]
[duruthemes.com/demo/html/betty/onepage/images/services/1.jpg]
[duruthemes.com/demo/html/betty/onepage/images/services/g1.jpg]
[duruthemes.com/demo/html/betty/onepage/images/services/g2.jpg]
[duruthemes.com/demo/html/betty/onepage/images/services/g3.jpg]
[duruthemes.com/demo/html/betty/onepage/images/services/g4.jpg]
[duruthemes.com/demo/html/betty/onepage/images/services/g5.jpg]
[duruthemes.com/demo/html/betty/onepage/images/services/g6.jpg]
[duruthemes.com/demo/html/betty/onepage/services-page.html]
[duruthemes.com/demo/html/betty/onepage/images/blog/post.jpg]
[duruthemes.com/demo/html/betty/onepage/post.html]
[duruthemes.com/demo/html/betty/onepage/images/blog/4.jpg]
[duruthemes.com/demo/html/betty/onepage/blog.html]
[duruthemes.com/demo/html/betty/onepage/images/brands/6.png]
[duruthemes.com/demo/html/betty/onepage/fonts/et-line.svg]
[duruthemes.com/demo/html/betty/onepage/fonts/themify.ttf]
[duruthemes.com/demo/html/betty/onepage/fonts/themify.svg]
[duruthemes.com/demo/html/betty/onepage/fonts/Flaticond41d.eot]
[ledthanhdat.vn/kunka/assets/css/owl.video.play.html]
[duruthemes.com/demo/html/betty/onepage/fonts/Flaticon.svg]
[duruthemes.com/demo/html/betty/onepage/images/services/01.jpg]
[duruthemes.com/demo/html/betty/onepage/fonts/Flaticon.svg]
